<?xml version="1.0" encoding="utf-8"?><testsuites name="pytest tests"><testsuite name="pytest" errors="0" failures="2" skipped="0" tests="24" time="6.707" timestamp="2026-07-17T03:41:53.250269+00:00" hostname="agent-env-0a9c960c-305f-4735-9c9f-9a142299a62e"><testcase classname="tests.backend_test.TestAuth" name="test_health_root" time="0.420" /><testcase classname="tests.backend_test.TestAuth" name="test_signup_new_user" time="0.332"><failure message="AssertionError: {&quot;detail&quot;:[{&quot;type&quot;:&quot;value_error&quot;,&quot;loc&quot;:[&quot;body&quot;,&quot;email&quot;],&quot;msg&quot;:&quot;value is not a valid email address: The part after the @-sign is a special-use or reserved name that cannot be used with email.&quot;,&quot;input&quot;:&quot;test+1784259714266@sc.test&quot;,&quot;ctx&quot;:{&quot;reason&quot;:&quot;The part after the @-sign is a special-use or reserved name that cannot be used with email.&quot;}}]}&#10;assert 422 == 200&#10; +  where 422 = &lt;Response [422]&gt;.status_code">backend/tests/backend_test.py:51: in test_signup_new_user
    assert r.status_code == 200, r.text
E   AssertionError: {"detail":[{"type":"value_error","loc":["body","email"],"msg":"value is not a valid email address: The part after the @-sign is a special-use or reserved name that cannot be used with email.","input":"test+1784259714266@sc.test","ctx":{"reason":"The part after the @-sign is a special-use or reserved name that cannot be used with email."}}]}
E   assert 422 == 200
E    +  where 422 = &lt;Response [422]&gt;.status_code</failure></testcase><testcase classname="tests.backend_test.TestAuth" name="test_signup_duplicate_email" time="0.096" /><testcase classname="tests.backend_test.TestAuth" name="test_login_invalid" time="0.110" /><testcase classname="tests.backend_test.TestWorkspace" name="test_get_workspace" time="1.333" /><testcase classname="tests.backend_test.TestAuth" name="test_login_alice_and_me" time="0.455" /><testcase classname="tests.backend_test.TestWorkspace" name="test_chat_message" time="0.248" /><testcase classname="tests.backend_test.TestAuth" name="test_me_unauth" time="0.170" /><testcase classname="tests.backend_test.TestWorkspace" name="test_tasks_add_toggle" time="0.459" /><testcase classname="tests.backend_test.TestMisc" name="test_review_updates_rating" time="0.639" /><testcase classname="tests.backend_test.TestWorkspace" name="test_notes" time="0.211" /><testcase classname="tests.backend_test.TestMisc" name="test_review_self_forbidden" time="0.112" /><testcase classname="tests.backend_test.TestWorkspace" name="test_file_upload_and_download" time="0.250" /><testcase classname="tests.backend_test.TestMisc" name="test_notifications" time="0.208" /><testcase classname="tests.backend_test.TestWorkspace" name="test_pay_mocked" time="0.142" /><testcase classname="tests.backend_test.TestMisc" name="test_wallet" time="0.145" /><testcase classname="tests.backend_test.TestWorkspace" name="test_non_participant_denied" time="0.108"><failure message="KeyError: 'token'">backend/tests/backend_test.py:217: in test_non_participant_denied
    tok = r.json()["token"]
          ^^^^^^^^^^^^^^^^^
E   KeyError: 'token'</failure></testcase><testcase classname="tests.backend_test.TestMisc" name="test_recommendations" time="0.118" /><testcase classname="tests.backend_test.TestWorkspace" name="test_complete_shift" time="0.111" /><testcase classname="tests.backend_test.TestProfile" name="test_update_profile" time="0.107" /><testcase classname="tests.backend_test.TestShifts" name="test_create_list_shift" time="0.413" /><testcase classname="tests.backend_test.TestProfile" name="test_public_user_no_email" time="0.101" /><testcase classname="tests.backend_test.TestWebSocket" name="test_ws_connect_and_join" time="3.022" /><testcase classname="tests.backend_test.TestShifts" name="test_cannot_accept_own" time="0.199" /></testsuite></testsuites>