<?xml version="1.0" encoding="utf-8"?><testsuites name="pytest tests"><testsuite name="pytest" errors="0" failures="0" skipped="0" tests="28" time="8.071" timestamp="2026-07-17T04:03:18.883651+00:00" hostname="agent-env-0a9c960c-305f-4735-9c9f-9a142299a62e"><testcase classname="tests.backend_test.TestMisc" name="test_review_updates_rating" time="1.287" /><testcase classname="tests.backend_test.TestMisc" name="test_review_self_forbidden" time="0.134" /><testcase classname="tests.backend_test.TestMisc" name="test_notifications" time="0.242" /><testcase classname="tests.backend_test.TestWorkspace" name="test_get_workspace" time="1.587" /><testcase classname="tests.backend_test.TestWorkspace" name="test_chat_message" time="0.283" /><testcase classname="tests.backend_test.TestMisc" name="test_wallet" time="0.145" /><testcase classname="tests.backend_test.TestMisc" name="test_recommendations" time="0.108" /><testcase classname="tests.backend_test.TestWorkspace" name="test_tasks_add_toggle" time="0.323" /><testcase classname="tests.backend_test.TestMisc" name="test_demo_seed_shifts_present" time="0.095" /><testcase classname="tests.backend_test.TestMisc" name="test_recommendations_returns_demo" time="0.120" /><testcase classname="tests.backend_test.TestAuth" name="test_health_root" time="0.100" /><testcase classname="tests.backend_test.TestWorkspace" name="test_notes" time="0.367" /><testcase classname="tests.backend_test.TestAuth" name="test_signup_new_user" time="0.676" /><testcase classname="tests.backend_test.TestWorkspace" name="test_file_upload_and_download" time="0.354" /><testcase classname="tests.backend_test.TestAuth" name="test_signup_duplicate_email" time="0.112" /><testcase classname="tests.backend_test.TestWorkspace" name="test_pay_mocked" time="0.393" /><testcase classname="tests.backend_test.TestAuth" name="test_login_invalid" time="0.101" /><testcase classname="tests.backend_test.TestAuth" name="test_login_alice_and_me" time="0.145" /><testcase classname="tests.backend_test.TestAuth" name="test_me_unauth" time="0.102" /><testcase classname="tests.backend_test.TestWorkspace" name="test_non_participant_denied" time="0.422" /><testcase classname="tests.backend_test.TestProfile" name="test_update_profile" time="0.257" /><testcase classname="tests.backend_test.TestProfile" name="test_public_user_no_email" time="0.099" /><testcase classname="tests.backend_test.TestShifts" name="test_create_list_shift" time="0.439" /><testcase classname="tests.backend_test.TestWorkspace" name="test_complete_shift" time="0.116" /><testcase classname="tests.backend_test.TestWorkspace" name="test_welcome_chat_seeded_on_accept" time="0.315" /><testcase classname="tests.backend_test.TestWorkspace" name="test_pay_then_complete_releases_wallet" time="0.730" /><testcase classname="tests.backend_test.TestShifts" name="test_cannot_accept_own" time="0.256" /><testcase classname="tests.backend_test.TestWebSocket" name="test_ws_connect_and_join" time="3.106" /></testsuite></testsuites>